2023-04-24 15:17:48,902 tfstate-compliance INFO ## Called check_condition ##
# Attributes:
{'acceleration_status': '', 'acl': None, 'arn': 'arn:aws:s3:::dummy-marvin-bucket', 'bucket': 'dummy-marvin-bucket', 'bucket_domain_name': 'dummy-marvin-bucket.s3.amazonaws.com', 'bucket_prefix': '', 'bucket_regional_domain_name': 'dummy-marvin-bucket.s3.eu-central-1.amazonaws.com', 'cors_rule': [], 'force_destroy': False, 'grant': [{'id': '6c537f4d5383988b65058fc8881f80ce88b0449f69ec84483dba775ce8cc1070', 'permissions': ['FULL_CONTROL'], 'type': 'CanonicalUser', 'uri': ''}], 'hosted_zone_id': 'Z21DNDUVLTQW6Q', 'id': 'dummy-marvin-bucket', 'lifecycle_rule': [], 'logging': [], 'object_lock_configuration': [], 'object_lock_enabled': False, 'policy': '', 'region': 'eu-central-1', 'replication_configuration': [], 'request_payer': 'BucketOwner', 'server_side_encryption_configuration': [{'rule': [{'apply_server_side_encryption_by_default': [{'kms_master_key_id': '', 'sse_algorithm': 'AES256'}], 'bucket_key_enabled': False}]}], 'tags': {}, 'tags_all': {}, 'timeouts': None, 'versioning': [{'enabled': False, 'mfa_delete': False}], 'website': [], 'website_domain': None, 'website_endpoint': None}
# Condition:
{'operator': 'and', 'rules': [{'key': 'server_side_encryption_configuration', 'operator': 'exists', 'value': True}, {'key': 'server_side_encryption_configuration.0.rule', 'operator': 'contains', 'value': {'apply_server_side_encryption_by_default': [{'kms_master_key_id': '', 'sse_algorithm': 'AES256'}], 'bucket_key_enabled': False}}, {'key': 'versioning.0.enabled', 'operator': 'matches', 'value': False}]}
2023-04-24 15:17:48,902 tfstate-compliance INFO check_condition - operator: and
2023-04-24 15:17:48,902 tfstate-compliance INFO ## Called check_rule ##
# Attributes:
{'acceleration_status': '', 'acl': None, 'arn': 'arn:aws:s3:::dummy-marvin-bucket', 'bucket': 'dummy-marvin-bucket', 'bucket_domain_name': 'dummy-marvin-bucket.s3.amazonaws.com', 'bucket_prefix': '', 'bucket_regional_domain_name': 'dummy-marvin-bucket.s3.eu-central-1.amazonaws.com', 'cors_rule': [], 'force_destroy': False, 'grant': [{'id': '6c537f4d5383988b65058fc8881f80ce88b0449f69ec84483dba775ce8cc1070', 'permissions': ['FULL_CONTROL'], 'type': 'CanonicalUser', 'uri': ''}], 'hosted_zone_id': 'Z21DNDUVLTQW6Q', 'id': 'dummy-marvin-bucket', 'lifecycle_rule': [], 'logging': [], 'object_lock_configuration': [], 'object_lock_enabled': False, 'policy': '', 'region': 'eu-central-1', 'replication_configuration': [], 'request_payer': 'BucketOwner', 'server_side_encryption_configuration': [{'rule': [{'apply_server_side_encryption_by_default': [{'kms_master_key_id': '', 'sse_algorithm': 'AES256'}], 'bucket_key_enabled': False}]}], 'tags': {}, 'tags_all': {}, 'timeouts': None, 'versioning': [{'enabled': False, 'mfa_delete': False}], 'website': [], 'website_domain': None, 'website_endpoint': None}
# Rule:
{'key': 'server_side_encryption_configuration', 'operator': 'exists', 'value': True}
2023-04-24 15:17:48,902 tfstate-compliance INFO check_rule - operator: exists
2023-04-24 15:17:48,902 tfstate-compliance INFO ## Called check_rule ##
# Attributes:
{'acceleration_status': '', 'acl': None, 'arn': 'arn:aws:s3:::dummy-marvin-bucket', 'bucket': 'dummy-marvin-bucket', 'bucket_domain_name': 'dummy-marvin-bucket.s3.amazonaws.com', 'bucket_prefix': '', 'bucket_regional_domain_name': 'dummy-marvin-bucket.s3.eu-central-1.amazonaws.com', 'cors_rule': [], 'force_destroy': False, 'grant': [{'id': '6c537f4d5383988b65058fc8881f80ce88b0449f69ec84483dba775ce8cc1070', 'permissions': ['FULL_CONTROL'], 'type': 'CanonicalUser', 'uri': ''}], 'hosted_zone_id': 'Z21DNDUVLTQW6Q', 'id': 'dummy-marvin-bucket', 'lifecycle_rule': [], 'logging': [], 'object_lock_configuration': [], 'object_lock_enabled': False, 'policy': '', 'region': 'eu-central-1', 'replication_configuration': [], 'request_payer': 'BucketOwner', 'server_side_encryption_configuration': [{'rule': [{'apply_server_side_encryption_by_default': [{'kms_master_key_id': '', 'sse_algorithm': 'AES256'}], 'bucket_key_enabled': False}]}], 'tags': {}, 'tags_all': {}, 'timeouts': None, 'versioning': [{'enabled': False, 'mfa_delete': False}], 'website': [], 'website_domain': None, 'website_endpoint': None}
# Rule:
{'key': 'server_side_encryption_configuration.0.rule', 'operator': 'contains', 'value': {'apply_server_side_encryption_by_default': [{'kms_master_key_id': '', 'sse_algorithm': 'AES256'}], 'bucket_key_enabled': False}}
2023-04-24 15:17:48,902 tfstate-compliance INFO check_rule - operator: contains
2023-04-24 15:17:48,902 tfstate-compliance INFO ## Called check_rule ##
# Attributes:
{'acceleration_status': '', 'acl': None, 'arn': 'arn:aws:s3:::dummy-marvin-bucket', 'bucket': 'dummy-marvin-bucket', 'bucket_domain_name': 'dummy-marvin-bucket.s3.amazonaws.com', 'bucket_prefix': '', 'bucket_regional_domain_name': 'dummy-marvin-bucket.s3.eu-central-1.amazonaws.com', 'cors_rule': [], 'force_destroy': False, 'grant': [{'id': '6c537f4d5383988b65058fc8881f80ce88b0449f69ec84483dba775ce8cc1070', 'permissions': ['FULL_CONTROL'], 'type': 'CanonicalUser', 'uri': ''}], 'hosted_zone_id': 'Z21DNDUVLTQW6Q', 'id': 'dummy-marvin-bucket', 'lifecycle_rule': [], 'logging': [], 'object_lock_configuration': [], 'object_lock_enabled': False, 'policy': '', 'region': 'eu-central-1', 'replication_configuration': [], 'request_payer': 'BucketOwner', 'server_side_encryption_configuration': [{'rule': [{'apply_server_side_encryption_by_default': [{'kms_master_key_id': '', 'sse_algorithm': 'AES256'}], 'bucket_key_enabled': False}]}], 'tags': {}, 'tags_all': {}, 'timeouts': None, 'versioning': [{'enabled': False, 'mfa_delete': False}], 'website': [], 'website_domain': None, 'website_endpoint': None}
# Rule:
{'key': 'versioning.0.enabled', 'operator': 'matches', 'value': False}
2023-04-24 15:17:48,902 tfstate-compliance INFO check_rule - operator: matches
2023-04-24 15:17:48,902 tfstate-compliance INFO check_condition - results: [True, True, True]
2023-04-24 15:18:02,130 tfstate-compliance INFO ## Called check_condition ##
# Attributes:
{'acceleration_status': '', 'acl': None, 'arn': 'arn:aws:s3:::dummy-marvin-bucket', 'bucket': 'dummy-marvin-bucket', 'bucket_domain_name': 'dummy-marvin-bucket.s3.amazonaws.com', 'bucket_prefix': '', 'bucket_regional_domain_name': 'dummy-marvin-bucket.s3.eu-central-1.amazonaws.com', 'cors_rule': [], 'force_destroy': False, 'grant': [{'id': '6c537f4d5383988b65058fc8881f80ce88b0449f69ec84483dba775ce8cc1070', 'permissions': ['FULL_CONTROL'], 'type': 'CanonicalUser', 'uri': ''}], 'hosted_zone_id': 'Z21DNDUVLTQW6Q', 'id': 'dummy-marvin-bucket', 'lifecycle_rule': [], 'logging': [], 'object_lock_configuration': [], 'object_lock_enabled': False, 'policy': '', 'region': 'eu-central-1', 'replication_configuration': [], 'request_payer': 'BucketOwner', 'server_side_encryption_configuration': [{'rule': [{'apply_server_side_encryption_by_default': [{'kms_master_key_id': '', 'sse_algorithm': 'AES256'}], 'bucket_key_enabled': False}]}], 'tags': {}, 'tags_all': {}, 'timeouts': None, 'versioning': [{'enabled': False, 'mfa_delete': False}], 'website': [], 'website_domain': None, 'website_endpoint': None}
# Condition:
{'operator': 'and', 'rules': [{'key': 'server_side_encryption_configuration', 'operator': 'exists', 'value': True}, {'key': 'server_side_encryption_configuration.0.rule', 'operator': 'contains', 'value': {'apply_server_side_encryption_by_default': [{'kms_master_key_id': '', 'sse_algorithm': 'AES256'}], 'bucket_key_enabled': False}}, {'key': 'versioning.0.enabled', 'operator': 'matches', 'value': False}]}
2023-04-24 15:18:02,131 tfstate-compliance INFO check_condition - operator: and
2023-04-24 15:18:02,131 tfstate-compliance INFO ## Called check_rule ##
# Attributes:
{'acceleration_status': '', 'acl': None, 'arn': 'arn:aws:s3:::dummy-marvin-bucket', 'bucket': 'dummy-marvin-bucket', 'bucket_domain_name': 'dummy-marvin-bucket.s3.amazonaws.com', 'bucket_prefix': '', 'bucket_regional_domain_name': 'dummy-marvin-bucket.s3.eu-central-1.amazonaws.com', 'cors_rule': [], 'force_destroy': False, 'grant': [{'id': '6c537f4d5383988b65058fc8881f80ce88b0449f69ec84483dba775ce8cc1070', 'permissions': ['FULL_CONTROL'], 'type': 'CanonicalUser', 'uri': ''}], 'hosted_zone_id': 'Z21DNDUVLTQW6Q', 'id': 'dummy-marvin-bucket', 'lifecycle_rule': [], 'logging': [], 'object_lock_configuration': [], 'object_lock_enabled': False, 'policy': '', 'region': 'eu-central-1', 'replication_configuration': [], 'request_payer': 'BucketOwner', 'server_side_encryption_configuration': [{'rule': [{'apply_server_side_encryption_by_default': [{'kms_master_key_id': '', 'sse_algorithm': 'AES256'}], 'bucket_key_enabled': False}]}], 'tags': {}, 'tags_all': {}, 'timeouts': None, 'versioning': [{'enabled': False, 'mfa_delete': False}], 'website': [], 'website_domain': None, 'website_endpoint': None}
# Rule:
{'key': 'server_side_encryption_configuration', 'operator': 'exists', 'value': True}
2023-04-24 15:18:02,131 tfstate-compliance INFO check_rule - operator: exists
2023-04-24 15:18:02,131 tfstate-compliance INFO ## Called check_rule ##
# Attributes:
{'acceleration_status': '', 'acl': None, 'arn': 'arn:aws:s3:::dummy-marvin-bucket', 'bucket': 'dummy-marvin-bucket', 'bucket_domain_name': 'dummy-marvin-bucket.s3.amazonaws.com', 'bucket_prefix': '', 'bucket_regional_domain_name': 'dummy-marvin-bucket.s3.eu-central-1.amazonaws.com', 'cors_rule': [], 'force_destroy': False, 'grant': [{'id': '6c537f4d5383988b65058fc8881f80ce88b0449f69ec84483dba775ce8cc1070', 'permissions': ['FULL_CONTROL'], 'type': 'CanonicalUser', 'uri': ''}], 'hosted_zone_id': 'Z21DNDUVLTQW6Q', 'id': 'dummy-marvin-bucket', 'lifecycle_rule': [], 'logging': [], 'object_lock_configuration': [], 'object_lock_enabled': False, 'policy': '', 'region': 'eu-central-1', 'replication_configuration': [], 'request_payer': 'BucketOwner', 'server_side_encryption_configuration': [{'rule': [{'apply_server_side_encryption_by_default': [{'kms_master_key_id': '', 'sse_algorithm': 'AES256'}], 'bucket_key_enabled': False}]}], 'tags': {}, 'tags_all': {}, 'timeouts': None, 'versioning': [{'enabled': False, 'mfa_delete': False}], 'website': [], 'website_domain': None, 'website_endpoint': None}
# Rule:
{'key': 'server_side_encryption_configuration.0.rule', 'operator': 'contains', 'value': {'apply_server_side_encryption_by_default': [{'kms_master_key_id': '', 'sse_algorithm': 'AES256'}], 'bucket_key_enabled': False}}
2023-04-24 15:18:02,131 tfstate-compliance INFO check_rule - operator: contains
2023-04-24 15:18:02,131 tfstate-compliance INFO ## Called check_rule ##
# Attributes:
{'acceleration_status': '', 'acl': None, 'arn': 'arn:aws:s3:::dummy-marvin-bucket', 'bucket': 'dummy-marvin-bucket', 'bucket_domain_name': 'dummy-marvin-bucket.s3.amazonaws.com', 'bucket_prefix': '', 'bucket_regional_domain_name': 'dummy-marvin-bucket.s3.eu-central-1.amazonaws.com', 'cors_rule': [], 'force_destroy': False, 'grant': [{'id': '6c537f4d5383988b65058fc8881f80ce88b0449f69ec84483dba775ce8cc1070', 'permissions': ['FULL_CONTROL'], 'type': 'CanonicalUser', 'uri': ''}], 'hosted_zone_id': 'Z21DNDUVLTQW6Q', 'id': 'dummy-marvin-bucket', 'lifecycle_rule': [], 'logging': [], 'object_lock_configuration': [], 'object_lock_enabled': False, 'policy': '', 'region': 'eu-central-1', 'replication_configuration': [], 'request_payer': 'BucketOwner', 'server_side_encryption_configuration': [{'rule': [{'apply_server_side_encryption_by_default': [{'kms_master_key_id': '', 'sse_algorithm': 'AES256'}], 'bucket_key_enabled': False}]}], 'tags': {}, 'tags_all': {}, 'timeouts': None, 'versioning': [{'enabled': False, 'mfa_delete': False}], 'website': [], 'website_domain': None, 'website_endpoint': None}
# Rule:
{'key': 'versioning.0.enabled', 'operator': 'matches', 'value': False}
2023-04-24 15:18:02,131 tfstate-compliance INFO check_rule - operator: matches
2023-04-24 15:18:02,131 tfstate-compliance INFO check_condition - results: [True, True, True]
